{"/Users/deepikaparthasarathy/Desktop/ARKIVE/arkive/src/routes/calendar/calendarUtils.ts": {"path":"/Users/deepikaparthasarathy/Desktop/ARKIVE/arkive/src/routes/calendar/calendarUtils.ts","statementMap":{"0":{"start":{"line":1,"column":0},"end":{"line":1,"column":16}},"1":{"start":{"line":17,"column":0},"end":{"line":17,"column":16}},"2":{"start":{"line":21,"column":0},"end":{"line":21,"column":16}},"3":{"start":{"line":48,"column":0},"end":{"line":48,"column":16}},"4":{"start":{"line":57,"column":0},"end":{"line":57,"column":16}},"5":{"start":{"line":2,"column":27},"end":{"line":2,"column":29}},"6":{"start":{"line":3,"column":2},"end":{"line":3,"column":66}},"7":{"start":{"line":3,"column":27},"end":{"line":3,"column":66}},"8":{"start":{"line":4,"column":2},"end":{"line":4,"column":61}},"9":{"start":{"line":4,"column":23},"end":{"line":4,"column":61}},"10":{"start":{"line":5,"column":2},"end":{"line":5,"column":16}},"11":{"start":{"line":7,"column":13},"end":{"line":15,"column":2}},"12":{"start":{"line":18,"column":2},"end":{"line":18,"column":79}},"13":{"start":{"line":22,"column":19},"end":{"line":22,"column":74}},"14":{"start":{"line":25,"column":2},"end":{"line":31,"column":3}},"15":{"start":{"line":26,"column":4},"end":{"line":26,"column":27}},"16":{"start":{"line":27,"column":4},"end":{"line":27,"column":36}},"17":{"start":{"line":29,"column":4},"end":{"line":29,"column":50}},"18":{"start":{"line":30,"column":4},"end":{"line":30,"column":89}},"19":{"start":{"line":33,"column":2},"end":{"line":45,"column":4}},"20":{"start":{"line":49,"column":2},"end":{"line":49,"column":37}},"21":{"start":{"line":49,"column":20},"end":{"line":49,"column":37}},"22":{"start":{"line":51,"column":21},"end":{"line":52,"column":90}},"23":{"start":{"line":52,"column":4},"end":{"line":52,"column":90}},"24":{"start":{"line":54,"column":2},"end":{"line":54,"column":103}},"25":{"start":{"line":58,"column":21},"end":{"line":59,"column":105}},"26":{"start":{"line":59,"column":4},"end":{"line":59,"column":105}},"27":{"start":{"line":61,"column":2},"end":{"line":65,"column":3}},"28":{"start":{"line":62,"column":21},"end":{"line":62,"column":44}},"29":{"start":{"line":63,"column":19},"end":{"line":63,"column":40}},"30":{"start":{"line":64,"column":4},"end":{"line":64,"column":70}},"31":{"start":{"line":67,"column":2},"end":{"line":67,"column":33}}},"fnMap":{"0":{"name":"validateEventForm","decl":{"start":{"line":1,"column":16},"end":{"line":1,"column":33}},"loc":{"start":{"line":1,"column":43},"end":{"line":6,"column":1}}},"1":{"name":"generateEventId","decl":{"start":{"line":17,"column":16},"end":{"line":17,"column":31}},"loc":{"start":{"line":17,"column":31},"end":{"line":19,"column":1}}},"2":{"name":"createEventData","decl":{"start":{"line":21,"column":16},"end":{"line":21,"column":31}},"loc":{"start":{"line":21,"column":41},"end":{"line":46,"column":1}}},"3":{"name":"formatEventTime","decl":{"start":{"line":48,"column":16},"end":{"line":48,"column":31}},"loc":{"start":{"line":48,"column":42},"end":{"line":55,"column":1}}},"4":{"name":"(anonymous_4)","decl":{"start":{"line":51,"column":21},"end":{"line":51,"column":22}},"loc":{"start":{"line":52,"column":4},"end":{"line":52,"column":90}}},"5":{"name":"formatEventDate","decl":{"start":{"line":57,"column":16},"end":{"line":57,"column":31}},"loc":{"start":{"line":57,"column":42},"end":{"line":68,"column":1}}},"6":{"name":"(anonymous_6)","decl":{"start":{"line":58,"column":21},"end":{"line":58,"column":22}},"loc":{"start":{"line":59,"column":4},"end":{"line":59,"column":105}}}},"branchMap":{"0":{"loc":{"start":{"line":3,"column":2},"end":{"line":3,"column":66}},"type":"if","locations":[{"start":{"line":3,"column":2},"end":{"line":3,"column":66}}]},"1":{"loc":{"start":{"line":4,"column":2},"end":{"line":4,"column":61}},"type":"if","locations":[{"start":{"line":4,"column":2},"end":{"line":4,"column":61}}]},"2":{"loc":{"start":{"line":22,"column":19},"end":{"line":22,"column":74}},"type":"binary-expr","locations":[{"start":{"line":22,"column":19},"end":{"line":22,"column":49}},{"start":{"line":22,"column":53},"end":{"line":22,"column":74}}]},"3":{"loc":{"start":{"line":25,"column":2},"end":{"line":31,"column":3}},"type":"if","locations":[{"start":{"line":25,"column":2},"end":{"line":31,"column":3}},{"start":{"line":28,"column":9},"end":{"line":31,"column":3}}]},"4":{"loc":{"start":{"line":27,"column":10},"end":{"line":27,"column":35}},"type":"binary-expr","locations":[{"start":{"line":27,"column":10},"end":{"line":27,"column":22}},{"start":{"line":27,"column":26},"end":{"line":27,"column":35}}]},"5":{"loc":{"start":{"line":30,"column":10},"end":{"line":30,"column":88}},"type":"cond-expr","locations":[{"start":{"line":30,"column":25},"end":{"line":30,"column":76}},{"start":{"line":30,"column":79},"end":{"line":30,"column":88}}]},"6":{"loc":{"start":{"line":30,"column":28},"end":{"line":30,"column":58}},"type":"binary-expr","locations":[{"start":{"line":30,"column":28},"end":{"line":30,"column":40}},{"start":{"line":30,"column":44},"end":{"line":30,"column":58}}]},"7":{"loc":{"start":{"line":34,"column":8},"end":{"line":34,"column":84}},"type":"cond-expr","locations":[{"start":{"line":34,"column":45},"end":{"line":34,"column":64}},{"start":{"line":34,"column":67},"end":{"line":34,"column":84}}]},"8":{"loc":{"start":{"line":34,"column":8},"end":{"line":34,"column":42}},"type":"binary-expr","locations":[{"start":{"line":34,"column":8},"end":{"line":34,"column":22}},{"start":{"line":34,"column":26},"end":{"line":34,"column":42}}]},"9":{"loc":{"start":{"line":49,"column":2},"end":{"line":49,"column":37}},"type":"if","locations":[{"start":{"line":49,"column":2},"end":{"line":49,"column":37}}]},"10":{"loc":{"start":{"line":54,"column":9},"end":{"line":54,"column":102}},"type":"cond-expr","locations":[{"start":{"line":54,"column":21},"end":{"line":54,"column":76}},{"start":{"line":54,"column":79},"end":{"line":54,"column":102}}]},"11":{"loc":{"start":{"line":61,"column":2},"end":{"line":65,"column":3}},"type":"if","locations":[{"start":{"line":61,"column":2},"end":{"line":65,"column":3}}]},"12":{"loc":{"start":{"line":61,"column":6},"end":{"line":61,"column":32}},"type":"binary-expr","locations":[{"start":{"line":61,"column":6},"end":{"line":61,"column":15}},{"start":{"line":61,"column":19},"end":{"line":61,"column":32}}]},"13":{"loc":{"start":{"line":64,"column":11},"end":{"line":64,"column":69}},"type":"cond-expr","locations":[{"start":{"line":64,"column":33},"end":{"line":64,"column":41}},{"start":{"line":64,"column":44},"end":{"line":64,"column":69}}]}},"s":{"0":1,"1":1,"2":1,"3":1,"4":1,"5":2,"6":2,"7":1,"8":2,"9":1,"10":2,"11":1,"12":3,"13":2,"14":2,"15":1,"16":1,"17":1,"18":1,"19":2,"20":2,"21":1,"22":1,"23":2,"24":1,"25":2,"26":3,"27":2,"28":1,"29":1,"30":1,"31":1},"f":{"0":2,"1":3,"2":2,"3":2,"4":2,"5":2,"6":3},"b":{"0":[1],"1":[1],"2":[2,0],"3":[1,1],"4":[1,0],"5":[1,0],"6":[1,1],"7":[0,2],"8":[2,0],"9":[1],"10":[1,0],"11":[1],"12":[2,1],"13":[0,1]}}
}
