{"C:\\Users\\yazyo\\Desktop\\gitArkive\\ARKIVE\\arkive\\server\\User.js": {"path":"C:\\Users\\yazyo\\Desktop\\gitArkive\\ARKIVE\\arkive\\server\\User.js","statementMap":{"0":{"start":{"line":9,"column":0},"end":{"line":9,"column":41}},"1":{"start":{"line":10,"column":19},"end":{"line":13,"column":2}},"2":{"start":{"line":19,"column":0},"end":{"line":19,"column":41}}},"fnMap":{},"branchMap":{},"s":{"0":3,"1":3,"2":3},"f":{},"b":{}}
,"C:\\Users\\yazyo\\Desktop\\gitArkive\\ARKIVE\\arkive\\server\\auth.js": {"path":"C:\\Users\\yazyo\\Desktop\\gitArkive\\ARKIVE\\arkive\\server\\auth.js","statementMap":{"0":{"start":{"line":1,"column":0},"end":{"line":1,"column":33}},"1":{"start":{"line":2,"column":15},"end":{"line":2,"column":23}},"2":{"start":{"line":3,"column":0},"end":{"line":3,"column":39}},"3":{"start":{"line":4,"column":0},"end":{"line":4,"column":31}},"4":{"start":{"line":5,"column":0},"end":{"line":5,"column":29}},"5":{"start":{"line":23,"column":0},"end":{"line":52,"column":3}},"6":{"start":{"line":25,"column":30},"end":{"line":25,"column":38}},"7":{"start":{"line":26,"column":2},"end":{"line":28,"column":3}},"8":{"start":{"line":27,"column":4},"end":{"line":27,"column":74}},"9":{"start":{"line":31,"column":21},"end":{"line":31,"column":49}},"10":{"start":{"line":32,"column":2},"end":{"line":34,"column":3}},"11":{"start":{"line":33,"column":4},"end":{"line":33,"column":67}},"12":{"start":{"line":37,"column":2},"end":{"line":39,"column":3}},"13":{"start":{"line":38,"column":4},"end":{"line":38,"column":90}},"14":{"start":{"line":41,"column":2},"end":{"line":51,"column":3}},"15":{"start":{"line":42,"column":25},"end":{"line":42,"column":49}},"16":{"start":{"line":43,"column":4},"end":{"line":43,"column":47}},"17":{"start":{"line":44,"column":4},"end":{"line":44,"column":65}},"18":{"start":{"line":46,"column":4},"end":{"line":46,"column":48}},"19":{"start":{"line":47,"column":4},"end":{"line":49,"column":5}},"20":{"start":{"line":48,"column":6},"end":{"line":48,"column":73}},"21":{"start":{"line":50,"column":4},"end":{"line":50,"column":59}},"22":{"start":{"line":70,"column":0},"end":{"line":90,"column":3}},"23":{"start":{"line":71,"column":30},"end":{"line":71,"column":38}},"24":{"start":{"line":72,"column":15},"end":{"line":72,"column":44}},"25":{"start":{"line":73,"column":2},"end":{"line":75,"column":3}},"26":{"start":{"line":74,"column":4},"end":{"line":74,"column":72}},"27":{"start":{"line":77,"column":16},"end":{"line":80,"column":null}},"28":{"start":{"line":83,"column":2},"end":{"line":88,"column":5}},"29":{"start":{"line":89,"column":2},"end":{"line":89,"column":44}},"30":{"start":{"line":104,"column":0},"end":{"line":107,"column":3}},"31":{"start":{"line":105,"column":2},"end":{"line":105,"column":27}},"32":{"start":{"line":106,"column":2},"end":{"line":106,"column":38}},"33":{"start":{"line":109,"column":0},"end":{"line":109,"column":22}}},"fnMap":{"0":{"name":"(anonymous_1)","decl":{"start":{"line":23,"column":25},"end":{"line":23,"column":30}},"loc":{"start":{"line":23,"column":44},"end":{"line":52,"column":1}}},"1":{"name":"(anonymous_2)","decl":{"start":{"line":70,"column":22},"end":{"line":70,"column":27}},"loc":{"start":{"line":70,"column":41},"end":{"line":90,"column":1}}},"2":{"name":"(anonymous_3)","decl":{"start":{"line":104,"column":23},"end":{"line":104,"column":24}},"loc":{"start":{"line":104,"column":36},"end":{"line":107,"column":1}}}},"branchMap":{"0":{"loc":{"start":{"line":26,"column":2},"end":{"line":28,"column":3}},"type":"if","locations":[{"start":{"line":26,"column":2},"end":{"line":28,"column":3}},{"start":{},"end":{}}]},"1":{"loc":{"start":{"line":26,"column":6},"end":{"line":26,"column":25}},"type":"binary-expr","locations":[{"start":{"line":26,"column":6},"end":{"line":26,"column":12}},{"start":{"line":26,"column":16},"end":{"line":26,"column":25}}]},"2":{"loc":{"start":{"line":32,"column":2},"end":{"line":34,"column":3}},"type":"if","locations":[{"start":{"line":32,"column":2},"end":{"line":34,"column":3}},{"start":{},"end":{}}]},"3":{"loc":{"start":{"line":37,"column":2},"end":{"line":39,"column":3}},"type":"if","locations":[{"start":{"line":37,"column":2},"end":{"line":39,"column":3}},{"start":{},"end":{}}]},"4":{"loc":{"start":{"line":47,"column":4},"end":{"line":49,"column":5}},"type":"if","locations":[{"start":{"line":47,"column":4},"end":{"line":49,"column":5}},{"start":{},"end":{}}]},"5":{"loc":{"start":{"line":73,"column":2},"end":{"line":75,"column":3}},"type":"if","locations":[{"start":{"line":73,"column":2},"end":{"line":75,"column":3}},{"start":{},"end":{}}]},"6":{"loc":{"start":{"line":73,"column":6},"end":{"line":73,"column":58}},"type":"binary-expr","locations":[{"start":{"line":73,"column":6},"end":{"line":73,"column":11}},{"start":{"line":73,"column":15},"end":{"line":73,"column":58}}]}},"s":{"0":1,"1":1,"2":1,"3":1,"4":1,"5":1,"6":6,"7":6,"8":1,"9":5,"10":5,"11":1,"12":4,"13":1,"14":3,"15":3,"16":3,"17":1,"18":2,"19":2,"20":1,"21":1,"22":1,"23":2,"24":2,"25":2,"26":1,"27":1,"28":1,"29":1,"30":1,"31":1,"32":1,"33":1},"f":{"0":6,"1":2,"2":1},"b":{"0":[1,5],"1":[6,5],"2":[1,4],"3":[1,3],"4":[1,1],"5":[1,1],"6":[2,1]}}
,"C:\\Users\\yazyo\\Desktop\\gitArkive\\ARKIVE\\arkive\\server\\index.js": {"path":"C:\\Users\\yazyo\\Desktop\\gitArkive\\ARKIVE\\arkive\\server\\index.js","statementMap":{"0":{"start":{"line":11,"column":0},"end":{"line":11,"column":28}},"1":{"start":{"line":12,"column":0},"end":{"line":12,"column":16}},"2":{"start":{"line":14,"column":0},"end":{"line":14,"column":40}},"3":{"start":{"line":15,"column":12},"end":{"line":15,"column":21}},"4":{"start":{"line":16,"column":0},"end":{"line":16,"column":35}},"5":{"start":{"line":18,"column":0},"end":{"line":18,"column":16}},"6":{"start":{"line":19,"column":0},"end":{"line":19,"column":28}},"7":{"start":{"line":21,"column":0},"end":{"line":21,"column":35}},"8":{"start":{"line":27,"column":0},"end":{"line":29,"column":65}},"9":{"start":{"line":28,"column":14},"end":{"line":28,"column":46}},"10":{"start":{"line":29,"column":16},"end":{"line":29,"column":63}},"11":{"start":{"line":35,"column":0},"end":{"line":35,"column":75}},"12":{"start":{"line":35,"column":23},"end":{"line":35,"column":73}}},"fnMap":{"0":{"name":"(anonymous_10)","decl":{"start":{"line":28,"column":8},"end":{"line":28,"column":11}},"loc":{"start":{"line":28,"column":14},"end":{"line":28,"column":46}}},"1":{"name":"(anonymous_11)","decl":{"start":{"line":29,"column":9},"end":{"line":29,"column":12}},"loc":{"start":{"line":29,"column":16},"end":{"line":29,"column":63}}},"2":{"name":"(anonymous_12)","decl":{"start":{"line":35,"column":17},"end":{"line":35,"column":20}},"loc":{"start":{"line":35,"column":23},"end":{"line":35,"column":73}}}},"branchMap":{},"s":{"0":5,"1":5,"2":5,"3":5,"4":5,"5":5,"6":5,"7":5,"8":5,"9":4,"10":1,"11":5,"12":5},"f":{"0":4,"1":1,"2":5},"b":{}}
}
