TN:
SF:src/routes/calendar/calendarUtils.ts
FN:3,validateEventForm
FN:43,generateEventId
FN:47,createEventData
FN:74,formatEventTime
FN:77,(anonymous_4)
FN:83,formatEventDate
FN:84,(anonymous_6)
FNF:7
FNH:7
FNDA:10,validateEventForm
FNDA:5,generateEventId
FNDA:4,createEventData
FNDA:2,formatEventTime
FNDA:2,(anonymous_4)
FNDA:2,formatEventDate
FNDA:3,(anonymous_6)
DA:3,1
DA:4,10
DA:6,10
DA:7,10
DA:9,10
DA:10,7
DA:11,2
DA:13,7
DA:14,4
DA:15,4
DA:16,4
DA:17,1
DA:22,10
DA:23,1
DA:24,1
DA:25,1
DA:26,0
DA:30,10
DA:33,1
DA:43,1
DA:44,5
DA:47,1
DA:48,4
DA:51,4
DA:52,1
DA:53,1
DA:55,3
DA:56,3
DA:59,4
DA:74,1
DA:75,2
DA:77,1
DA:78,2
DA:80,1
DA:83,1
DA:84,2
DA:85,3
DA:87,2
DA:88,1
DA:89,1
DA:90,1
DA:93,1
LF:42
LH:41
BRDA:6,0,0,2
BRDA:7,1,0,1
BRDA:9,2,0,7
BRDA:10,3,0,2
BRDA:13,4,0,4
BRDA:13,5,0,7
BRDA:13,5,1,5
BRDA:16,6,0,1
BRDA:22,7,0,1
BRDA:22,8,0,10
BRDA:22,8,1,10
BRDA:22,8,2,2
BRDA:25,9,0,0
BRDA:48,10,0,4
BRDA:48,10,1,1
BRDA:51,11,0,1
BRDA:51,11,1,3
BRDA:53,12,0,1
BRDA:53,12,1,0
BRDA:56,13,0,1
BRDA:56,13,1,2
BRDA:56,14,0,1
BRDA:56,14,1,1
BRDA:60,15,0,0
BRDA:60,15,1,4
BRDA:60,16,0,4
BRDA:60,16,1,0
BRDA:75,17,0,1
BRDA:80,18,0,1
BRDA:80,18,1,0
BRDA:87,19,0,1
BRDA:87,20,0,2
BRDA:87,20,1,1
BRDA:90,21,0,0
BRDA:90,21,1,1
BRF:35
BRH:29
end_of_record
