TN:
SF:server\User.js
FNF:0
FNH:0
DA:8,3
DA:9,3
DA:18,3
LF:3
LH:3
BRF:0
BRH:0
end_of_record
TN:
SF:server\auth.js
FN:23,(anonymous_1)
FN:70,(anonymous_2)
FN:104,(anonymous_3)
FNF:3
FNH:3
FNDA:6,(anonymous_1)
FNDA:2,(anonymous_2)
FNDA:1,(anonymous_3)
DA:1,1
DA:2,1
DA:3,1
DA:4,1
DA:5,1
DA:23,1
DA:25,6
DA:26,6
DA:27,1
DA:31,5
DA:32,5
DA:33,1
DA:37,4
DA:38,1
DA:41,3
DA:42,3
DA:43,3
DA:44,1
DA:46,2
DA:47,2
DA:48,1
DA:50,1
DA:70,1
DA:71,2
DA:72,2
DA:73,2
DA:74,1
DA:77,1
DA:83,1
DA:89,1
DA:104,1
DA:105,1
DA:106,1
DA:109,1
LF:34
LH:34
BRDA:26,0,0,1
BRDA:26,0,1,5
BRDA:26,1,0,6
BRDA:26,1,1,5
BRDA:32,2,0,1
BRDA:32,2,1,4
BRDA:37,3,0,1
BRDA:37,3,1,3
BRDA:47,4,0,1
BRDA:47,4,1,1
BRDA:73,5,0,1
BRDA:73,5,1,1
BRDA:73,6,0,2
BRDA:73,6,1,1
BRF:14
BRH:14
end_of_record
TN:
SF:server\index.js
FN:28,(anonymous_10)
FN:29,(anonymous_11)
FN:35,(anonymous_12)
FNF:3
FNH:3
FNDA:4,(anonymous_10)
FNDA:1,(anonymous_11)
FNDA:5,(anonymous_12)
DA:11,5
DA:12,5
DA:14,5
DA:15,5
DA:16,5
DA:18,5
DA:19,5
DA:21,5
DA:27,5
DA:28,4
DA:29,1
DA:35,5
LF:12
LH:12
BRF:0
BRH:0
end_of_record
TN:
SF:src\routes\calendar\calendarUtils.ts
FN:3,validateEventForm
FN:43,generateEventId
FN:47,createEventData
FN:74,formatEventTime
FN:77,(anonymous_4)
FN:83,formatEventDate
FN:84,(anonymous_6)
FNF:7
FNH:7
FNDA:9,validateEventForm
FNDA:5,generateEventId
FNDA:4,createEventData
FNDA:2,formatEventTime
FNDA:2,(anonymous_4)
FNDA:2,formatEventDate
FNDA:3,(anonymous_6)
DA:3,1
DA:4,9
DA:6,9
DA:7,9
DA:9,9
DA:10,6
DA:11,2
DA:13,6
DA:14,4
DA:15,4
DA:16,4
DA:17,1
DA:22,9
DA:23,1
DA:24,1
DA:25,1
DA:26,0
DA:30,9
DA:33,1
DA:43,1
DA:44,5
DA:47,1
DA:48,4
DA:51,4
DA:52,1
DA:53,1
DA:55,3
DA:56,3
DA:59,4
DA:74,1
DA:75,2
DA:77,1
DA:78,2
DA:80,1
DA:83,1
DA:84,2
DA:85,3
DA:87,2
DA:88,1
DA:89,1
DA:90,1
DA:93,1
LF:42
LH:41
BRDA:6,0,0,2
BRDA:6,0,1,7
BRDA:7,1,0,1
BRDA:7,1,1,8
BRDA:9,2,0,6
BRDA:9,2,1,3
BRDA:10,3,0,2
BRDA:10,3,1,4
BRDA:13,4,0,4
BRDA:13,4,1,2
BRDA:13,5,0,6
BRDA:13,5,1,4
BRDA:16,6,0,1
BRDA:16,6,1,3
BRDA:22,7,0,1
BRDA:22,7,1,8
BRDA:22,8,0,9
BRDA:22,8,1,9
BRDA:22,8,2,2
BRDA:25,9,0,0
BRDA:25,9,1,1
BRDA:48,10,0,4
BRDA:48,10,1,1
BRDA:51,11,0,1
BRDA:51,11,1,3
BRDA:53,12,0,1
BRDA:53,12,1,0
BRDA:56,13,0,1
BRDA:56,13,1,2
BRDA:56,14,0,1
BRDA:56,14,1,1
BRDA:60,15,0,0
BRDA:60,15,1,4
BRDA:60,16,0,4
BRDA:60,16,1,0
BRDA:75,17,0,1
BRDA:75,17,1,1
BRDA:80,18,0,1
BRDA:80,18,1,0
BRDA:87,19,0,1
BRDA:87,19,1,1
BRDA:87,20,0,2
BRDA:87,20,1,1
BRDA:90,21,0,0
BRDA:90,21,1,1
BRF:45
BRH:39
end_of_record
