<?xml version="1.0" encoding="UTF-8"?>
<coverage generated="1750038441151" clover="3.2.0">
  <project timestamp="1750038441151" name="All files">
    <metrics statements="13" coveredstatements="13" conditionals="8" coveredconditionals="8" methods="6" coveredmethods="6" elements="27" coveredelements="27" complexity="0" loc="13" ncloc="13" packages="1" files="1" classes="1"/>
    <file name="agentLogic.js" path="/Users/chrisalex/Documents/CS321/ARKIVE/arkive/src/lib/agentLogic.js">
      <metrics statements="13" coveredstatements="13" conditionals="8" coveredconditionals="8" methods="6" coveredmethods="6"/>
      <line num="4" count="2" type="stmt"/>
      <line num="11" count="2" type="cond" truecount="4" falsecount="0"/>
      <line num="12" count="1" type="stmt"/>
      <line num="15" count="1" type="stmt"/>
      <line num="19" count="1" type="stmt"/>
      <line num="26" count="2" type="cond" truecount="2" falsecount="0"/>
      <line num="28" count="2" type="stmt"/>
      <line num="29" count="2" type="stmt"/>
      <line num="41" count="3" type="stmt"/>
      <line num="42" count="3" type="stmt"/>
      <line num="43" count="6" type="stmt"/>
      <line num="44" count="4" type="stmt"/>
      <line num="49" count="3" type="stmt"/>
    </file>
  </project>
</coverage>
