{"/Users/chrisalex/Documents/CS321/ARKIVE/arkive/src/lib/agentLogic.js": {"path":"/Users/chrisalex/Documents/CS321/ARKIVE/arkive/src/lib/agentLogic.js","statementMap":{"0":{"start":{"line":4,"column":22},"end":{"line":9,"column":5}},"1":{"start":{"line":11,"column":4},"end":{"line":13,"column":5}},"2":{"start":{"line":12,"column":6},"end":{"line":12,"column":144}},"3":{"start":{"line":15,"column":4},"end":{"line":15,"column":67}},"4":{"start":{"line":19,"column":4},"end":{"line":22,"column":6}},"5":{"start":{"line":26,"column":4},"end":{"line":26,"column":40}},"6":{"start":{"line":26,"column":19},"end":{"line":26,"column":40}},"7":{"start":{"line":28,"column":22},"end":{"line":28,"column":95}},"8":{"start":{"line":29,"column":4},"end":{"line":37,"column":6}},"9":{"start":{"line":41,"column":25},"end":{"line":41,"column":84}},"10":{"start":{"line":42,"column":30},"end":{"line":47,"column":9}},"11":{"start":{"line":43,"column":19},"end":{"line":43,"column":40}},"12":{"start":{"line":44,"column":17},"end":{"line":47,"column":7}},"13":{"start":{"line":49,"column":4},"end":{"line":49,"column":89}}},"fnMap":{"0":{"name":"generateAIResponse","decl":{"start":{"line":3,"column":16},"end":{"line":3,"column":34}},"loc":{"start":{"line":3,"column":57},"end":{"line":16,"column":3}},"line":3},"1":{"name":"clearChat","decl":{"start":{"line":18,"column":18},"end":{"line":18,"column":27}},"loc":{"start":{"line":18,"column":30},"end":{"line":23,"column":3}},"line":18},"2":{"name":"clearFiles","decl":{"start":{"line":25,"column":18},"end":{"line":25,"column":28}},"loc":{"start":{"line":25,"column":40},"end":{"line":38,"column":3}},"line":25},"3":{"name":"prepareChatMessages","decl":{"start":{"line":40,"column":18},"end":{"line":40,"column":37}},"loc":{"start":{"line":40,"column":61},"end":{"line":50,"column":3}},"line":40},"4":{"name":"(anonymous_4)","decl":{"start":{"line":43,"column":14},"end":{"line":43,"column":15}},"loc":{"start":{"line":43,"column":19},"end":{"line":43,"column":40}},"line":43},"5":{"name":"(anonymous_5)","decl":{"start":{"line":44,"column":11},"end":{"line":44,"column":12}},"loc":{"start":{"line":44,"column":17},"end":{"line":47,"column":7}},"line":44}},"branchMap":{"0":{"loc":{"start":{"line":11,"column":4},"end":{"line":13,"column":5}},"type":"if","locations":[{"start":{"line":11,"column":4},"end":{"line":13,"column":5}},{"start":{},"end":{}}],"line":11},"1":{"loc":{"start":{"line":11,"column":8},"end":{"line":11,"column":52}},"type":"binary-expr","locations":[{"start":{"line":11,"column":8},"end":{"line":11,"column":22}},{"start":{"line":11,"column":26},"end":{"line":11,"column":52}}],"line":11},"2":{"loc":{"start":{"line":26,"column":4},"end":{"line":26,"column":40}},"type":"if","locations":[{"start":{"line":26,"column":4},"end":{"line":26,"column":40}},{"start":{},"end":{}}],"line":26},"3":{"loc":{"start":{"line":45,"column":14},"end":{"line":45,"column":56}},"type":"cond-expr","locations":[{"start":{"line":45,"column":36},"end":{"line":45,"column":42}},{"start":{"line":45,"column":45},"end":{"line":45,"column":56}}],"line":45}},"s":{"0":2,"1":2,"2":1,"3":1,"4":1,"5":2,"6":1,"7":2,"8":2,"9":3,"10":3,"11":6,"12":4,"13":3},"f":{"0":2,"1":1,"2":2,"3":3,"4":6,"5":4},"b":{"0":[1,1],"1":[2,2],"2":[1,1],"3":[2,2]},"_coverageSchema":"1a1c01bbd47fc00a2c39e90264f33305004495a9","hash":"29ef4a42410d9142464bc260d18d7d62226bb4cd"}
}
