TN:
SF:src/lib/agentLogic.js
FN:3,generateAIResponse
FN:18,clearChat
FN:25,clearFiles
FN:40,prepareChatMessages
FN:43,(anonymous_4)
FN:44,(anonymous_5)
FNF:6
FNH:6
FNDA:2,generateAIResponse
FNDA:1,clearChat
FNDA:2,clearFiles
FNDA:3,prepareChatMessages
FNDA:6,(anonymous_4)
FNDA:4,(anonymous_5)
DA:4,2
DA:11,2
DA:12,1
DA:15,1
DA:19,1
DA:26,2
DA:28,2
DA:29,2
DA:41,3
DA:42,3
DA:43,6
DA:44,4
DA:49,3
LF:13
LH:13
BRDA:11,0,0,1
BRDA:11,0,1,1
BRDA:11,1,0,2
BRDA:11,1,1,2
BRDA:26,2,0,1
BRDA:26,2,1,1
BRDA:45,3,0,2
BRDA:45,3,1,2
BRF:8
BRH:8
end_of_record
